2024-08-07 23:17:27,836 - training_logger - INFO - audio_converter.py - Current working directory: /mnt/c/Developer_Workspace/stt_tools
2024-08-07 23:17:41,836 - training_logger - INFO - audio_converter.py - Start time: 1723090661.836244
2024-08-07 23:17:45,889 - training_logger - INFO - audio_converter.py - Initializing Model Pool with 4 models
2024-08-07 23:17:45,890 - training_logger - INFO - audio_converter.py - Checking Model file path: /mnt/c/Developer_Workspace/stt_tools/local_models/tiny/whisper/tiny.pt
2024-08-07 23:17:45,894 - training_logger - INFO - audio_converter.py - Loading model from file: /mnt/c/Developer_Workspace/stt_tools/local_models/tiny/whisper/tiny.pt
2024-08-07 23:17:48,426 - training_logger - INFO - audio_converter.py - Checking Model file path: /mnt/c/Developer_Workspace/stt_tools/local_models/tiny/whisper/tiny.pt
2024-08-07 23:17:48,428 - training_logger - INFO - audio_converter.py - Loading model from file: /mnt/c/Developer_Workspace/stt_tools/local_models/tiny/whisper/tiny.pt
2024-08-07 23:17:49,040 - training_logger - INFO - audio_converter.py - Checking Model file path: /mnt/c/Developer_Workspace/stt_tools/local_models/tiny/whisper/tiny.pt
2024-08-07 23:17:49,042 - training_logger - INFO - audio_converter.py - Loading model from file: /mnt/c/Developer_Workspace/stt_tools/local_models/tiny/whisper/tiny.pt
2024-08-07 23:17:49,643 - training_logger - INFO - audio_converter.py - Checking Model file path: /mnt/c/Developer_Workspace/stt_tools/local_models/tiny/whisper/tiny.pt
2024-08-07 23:17:49,655 - training_logger - INFO - audio_converter.py - Loading model from file: /mnt/c/Developer_Workspace/stt_tools/local_models/tiny/whisper/tiny.pt
2024-08-07 23:17:50,310 - training_logger - INFO - audio_converter.py - Using 4 models for processing
2024-08-07 23:17:50,311 - training_logger - INFO - audio_converter.py - Thread using model 140691019596624
2024-08-07 23:17:50,311 - training_logger - INFO - audio_converter.py - Thread using model 140695527666960
2024-08-07 23:17:50,312 - training_logger - INFO - audio_converter.py - Thread using model 140695527666768
2024-08-07 23:17:50,312 - training_logger - INFO - audio_converter.py - Thread using model 140691029582032
2024-08-07 23:20:19,962 - training_logger - INFO - audio_converter.py - ##############################################
2024-08-07 23:20:19,963 - training_logger - INFO - audio_converter.py - Segment 0
2024-08-07 23:20:19,963 - training_logger - INFO - audio_converter.py - min_ms: 125.18, max_ms: 555.92
2024-08-07 23:20:19,964 - training_logger - INFO - audio_converter.py - ##############################################
2024-08-07 23:20:19,980 - training_logger - INFO - audio_converter.py - Logging keyword segments to /mnt/c/Developer_Workspace/stt_tools/output/transcript_0_logging.json
2024-08-07 23:20:19,998 - training_logger - INFO - audio_converter.py - Thread using model 140691019596624
2024-08-07 23:20:19,998 - training_logger - INFO - audio_converter.py - Processing segment for segment index 0
2024-08-07 23:20:44,877 - training_logger - INFO - audio_converter.py - ##############################################
2024-08-07 23:20:44,878 - training_logger - INFO - audio_converter.py - Segment 3
2024-08-07 23:20:44,879 - training_logger - INFO - audio_converter.py - min_ms: 380.3, max_ms: 520.78
2024-08-07 23:20:44,879 - training_logger - INFO - audio_converter.py - ##############################################
2024-08-07 23:20:44,891 - training_logger - INFO - audio_converter.py - Logging keyword segments to /mnt/c/Developer_Workspace/stt_tools/output/transcript_3_logging.json
2024-08-07 23:20:44,897 - training_logger - INFO - audio_converter.py - Thread using model 140691029582032
2024-08-07 23:20:44,897 - training_logger - INFO - audio_converter.py - Processing segment for segment index 3
2024-08-07 23:20:47,976 - training_logger - INFO - audio_converter.py - ##############################################
2024-08-07 23:20:47,976 - training_logger - INFO - audio_converter.py - Segment 2
2024-08-07 23:20:47,977 - training_logger - INFO - audio_converter.py - min_ms: 0, max_ms: 46.22
2024-08-07 23:20:47,977 - training_logger - INFO - audio_converter.py - ##############################################
2024-08-07 23:20:47,993 - training_logger - INFO - audio_converter.py - Logging keyword segments to /mnt/c/Developer_Workspace/stt_tools/output/transcript_2_logging.json
2024-08-07 23:20:47,999 - training_logger - INFO - audio_converter.py - Thread using model 140695527666768
2024-08-07 23:20:47,999 - training_logger - INFO - audio_converter.py - Processing segment for segment index 2
2024-08-07 23:20:49,448 - training_logger - INFO - audio_converter.py - ##############################################
2024-08-07 23:20:49,448 - training_logger - INFO - audio_converter.py - Segment 1
2024-08-07 23:20:49,449 - training_logger - INFO - audio_converter.py - min_ms: 178.16, max_ms: 595.12
2024-08-07 23:20:49,449 - training_logger - INFO - audio_converter.py - ##############################################
2024-08-07 23:20:49,465 - training_logger - INFO - audio_converter.py - Logging keyword segments to /mnt/c/Developer_Workspace/stt_tools/output/transcript_1_logging.json
2024-08-07 23:20:49,486 - training_logger - INFO - audio_converter.py - Thread using model 140695527666960
2024-08-07 23:20:49,486 - training_logger - INFO - audio_converter.py - Processing segment for segment index 1
2024-08-07 23:23:08,284 - training_logger - INFO - audio_converter.py - ##############################################
2024-08-07 23:23:08,285 - training_logger - INFO - audio_converter.py - Segment 4
2024-08-07 23:23:08,285 - training_logger - INFO - audio_converter.py - min_ms: inf, max_ms: -inf
2024-08-07 23:23:08,285 - training_logger - INFO - audio_converter.py - ##############################################
2024-08-07 23:23:08,296 - training_logger - INFO - audio_converter.py - No keywords found in the segment
2024-08-07 23:23:08,297 - training_logger - INFO - audio_converter.py - Thread using model 140691019596624
2024-08-07 23:23:08,297 - training_logger - INFO - audio_converter.py - Processing segment for segment index 4
2024-08-07 23:23:12,056 - training_logger - INFO - audio_converter.py - ##############################################
2024-08-07 23:23:12,057 - training_logger - INFO - audio_converter.py - Segment 6
2024-08-07 23:23:12,057 - training_logger - INFO - audio_converter.py - min_ms: 36.78, max_ms: 113.56
2024-08-07 23:23:12,058 - training_logger - INFO - audio_converter.py - ##############################################
2024-08-07 23:23:12,071 - training_logger - INFO - audio_converter.py - Logging keyword segments to /mnt/c/Developer_Workspace/stt_tools/output/transcript_6_logging.json
2024-08-07 23:23:12,076 - training_logger - INFO - audio_converter.py - Processing segment for segment index 6
2024-08-07 23:23:16,926 - training_logger - INFO - audio_converter.py - ##############################################
2024-08-07 23:23:16,927 - training_logger - INFO - audio_converter.py - Segment 7
2024-08-07 23:23:16,927 - training_logger - INFO - audio_converter.py - min_ms: inf, max_ms: -inf
2024-08-07 23:23:16,928 - training_logger - INFO - audio_converter.py - ##############################################
2024-08-07 23:23:16,938 - training_logger - INFO - audio_converter.py - No keywords found in the segment
2024-08-07 23:23:16,939 - training_logger - INFO - audio_converter.py - Processing segment for segment index 7
2024-08-07 23:23:23,094 - training_logger - INFO - audio_converter.py - ##############################################
2024-08-07 23:23:23,095 - training_logger - INFO - audio_converter.py - Segment 5
2024-08-07 23:23:23,095 - training_logger - INFO - audio_converter.py - min_ms: 51.150000000000006, max_ms: 86.91
2024-08-07 23:23:23,095 - training_logger - INFO - audio_converter.py - ##############################################
2024-08-07 23:23:23,107 - training_logger - INFO - audio_converter.py - Logging keyword segments to /mnt/c/Developer_Workspace/stt_tools/output/transcript_5_logging.json
2024-08-07 23:23:23,110 - training_logger - INFO - audio_converter.py - Processing segment for segment index 5
2024-08-07 23:23:38,159 - training_logger - INFO - audio_converter.py - ##############################################
2024-08-07 23:23:38,160 - training_logger - INFO - audio_converter.py - Segment 8
2024-08-07 23:23:38,161 - training_logger - INFO - audio_converter.py - min_ms: inf, max_ms: -inf
2024-08-07 23:23:38,161 - training_logger - INFO - audio_converter.py - ##############################################
2024-08-07 23:23:38,171 - training_logger - INFO - audio_converter.py - No keywords found in the segment
2024-08-07 23:23:38,172 - training_logger - INFO - audio_converter.py - Processing segment for segment index 8
2024-08-07 23:23:38,173 - training_logger - INFO - audio_converter.py - End time: 1723091018.1734264
2024-08-07 23:23:38,173 - training_logger - INFO - audio_converter.py - Total processing time: 356.3371822834015 seconds
2024-08-07 23:23:38,174 - training_logger - INFO - audio_converter.py - Finished processing all segments, original duration of processed audio: 5313.973
2024-08-07 23:40:52,370 - training_logger - INFO - audio_converter.py - Current working directory: /mnt/c/Developer_Workspace/stt_tools
2024-08-07 23:41:05,813 - training_logger - INFO - audio_converter.py - Start time: 1723092065.8135478
2024-08-07 23:41:09,843 - training_logger - INFO - audio_converter.py - Initializing Model Pool with 4 models
2024-08-07 23:41:09,843 - training_logger - INFO - audio_converter.py - Checking Model file path: /mnt/c/Developer_Workspace/stt_tools/local_models/tiny/whisper/tiny.pt
2024-08-07 23:41:09,848 - training_logger - INFO - audio_converter.py - Loading model from file: /mnt/c/Developer_Workspace/stt_tools/local_models/tiny/whisper/tiny.pt
2024-08-07 23:41:11,927 - training_logger - INFO - audio_converter.py - Checking Model file path: /mnt/c/Developer_Workspace/stt_tools/local_models/tiny/whisper/tiny.pt
2024-08-07 23:41:11,929 - training_logger - INFO - audio_converter.py - Loading model from file: /mnt/c/Developer_Workspace/stt_tools/local_models/tiny/whisper/tiny.pt
2024-08-07 23:41:12,663 - training_logger - INFO - audio_converter.py - Checking Model file path: /mnt/c/Developer_Workspace/stt_tools/local_models/tiny/whisper/tiny.pt
2024-08-07 23:41:12,665 - training_logger - INFO - audio_converter.py - Loading model from file: /mnt/c/Developer_Workspace/stt_tools/local_models/tiny/whisper/tiny.pt
2024-08-07 23:41:13,344 - training_logger - INFO - audio_converter.py - Checking Model file path: /mnt/c/Developer_Workspace/stt_tools/local_models/tiny/whisper/tiny.pt
2024-08-07 23:41:13,345 - training_logger - INFO - audio_converter.py - Loading model from file: /mnt/c/Developer_Workspace/stt_tools/local_models/tiny/whisper/tiny.pt
2024-08-07 23:41:13,929 - training_logger - INFO - audio_converter.py - Using 4 models for processing
2024-08-07 23:41:13,930 - training_logger - INFO - audio_converter.py - Thread using model 140639187232592
2024-08-07 23:41:13,930 - training_logger - INFO - audio_converter.py - Thread using model 140639185468432
2024-08-07 23:41:13,931 - training_logger - INFO - audio_converter.py - Thread using model 140639184474064
2024-08-07 23:41:13,931 - training_logger - INFO - audio_converter.py - Thread using model 140638783239952
2024-08-07 23:43:37,601 - training_logger - INFO - audio_converter.py - ##############################################
2024-08-07 23:43:37,602 - training_logger - INFO - audio_converter.py - Segment 0
2024-08-07 23:43:37,602 - training_logger - INFO - audio_converter.py - min_ms: 125.18, max_ms: 555.92
2024-08-07 23:43:37,603 - training_logger - INFO - audio_converter.py - ##############################################
2024-08-07 23:43:37,614 - training_logger - INFO - audio_converter.py - Logging keyword segments to /mnt/c/Developer_Workspace/stt_tools/output/transcript_0_logging.json
2024-08-07 23:43:37,633 - training_logger - INFO - audio_converter.py - Thread using model 140639187232592
2024-08-07 23:43:37,633 - training_logger - INFO - audio_converter.py - Processing segment for segment index 0
2024-08-07 23:43:54,515 - training_logger - INFO - audio_converter.py - ##############################################
2024-08-07 23:43:54,515 - training_logger - INFO - audio_converter.py - Segment 3
2024-08-07 23:43:54,516 - training_logger - INFO - audio_converter.py - min_ms: 380.3, max_ms: 520.78
2024-08-07 23:43:54,517 - training_logger - INFO - audio_converter.py - ##############################################
2024-08-07 23:43:54,534 - training_logger - INFO - audio_converter.py - Logging keyword segments to /mnt/c/Developer_Workspace/stt_tools/output/transcript_3_logging.json
2024-08-07 23:43:54,543 - training_logger - INFO - audio_converter.py - Thread using model 140638783239952
2024-08-07 23:43:54,543 - training_logger - INFO - audio_converter.py - Processing segment for segment index 3
2024-08-07 23:44:02,374 - training_logger - INFO - audio_converter.py - ##############################################
2024-08-07 23:44:02,375 - training_logger - INFO - audio_converter.py - Segment 2
2024-08-07 23:44:02,375 - training_logger - INFO - audio_converter.py - min_ms: 0, max_ms: 46.22
2024-08-07 23:44:02,376 - training_logger - INFO - audio_converter.py - ##############################################
2024-08-07 23:44:02,388 - training_logger - INFO - audio_converter.py - Logging keyword segments to /mnt/c/Developer_Workspace/stt_tools/output/transcript_2_logging.json
2024-08-07 23:44:02,392 - training_logger - INFO - audio_converter.py - Thread using model 140639184474064
2024-08-07 23:44:02,392 - training_logger - INFO - audio_converter.py - Processing segment for segment index 2
2024-08-07 23:44:18,060 - training_logger - INFO - audio_converter.py - ##############################################
2024-08-07 23:44:18,060 - training_logger - INFO - audio_converter.py - Segment 1
2024-08-07 23:44:18,061 - training_logger - INFO - audio_converter.py - min_ms: 178.16, max_ms: 595.12
2024-08-07 23:44:18,061 - training_logger - INFO - audio_converter.py - ##############################################
2024-08-07 23:44:18,070 - training_logger - INFO - audio_converter.py - Logging keyword segments to /mnt/c/Developer_Workspace/stt_tools/output/transcript_1_logging.json
2024-08-07 23:44:18,093 - training_logger - INFO - audio_converter.py - Thread using model 140639185468432
2024-08-07 23:44:18,094 - training_logger - INFO - audio_converter.py - Processing segment for segment index 1
2024-08-07 23:46:08,452 - training_logger - INFO - audio_converter.py - ##############################################
2024-08-07 23:46:08,453 - training_logger - INFO - audio_converter.py - Segment 4
2024-08-07 23:46:08,453 - training_logger - INFO - audio_converter.py - min_ms: inf, max_ms: -inf
2024-08-07 23:46:08,454 - training_logger - INFO - audio_converter.py - ##############################################
2024-08-07 23:46:08,464 - training_logger - INFO - audio_converter.py - No keywords found in the segment
2024-08-07 23:46:08,465 - training_logger - INFO - audio_converter.py - Thread using model 140639187232592
2024-08-07 23:46:08,465 - training_logger - INFO - audio_converter.py - Processing segment for segment index 4
2024-08-07 23:46:26,991 - training_logger - INFO - audio_converter.py - ##############################################
2024-08-07 23:46:26,992 - training_logger - INFO - audio_converter.py - Segment 5
2024-08-07 23:46:26,993 - training_logger - INFO - audio_converter.py - min_ms: 51.150000000000006, max_ms: 86.91
2024-08-07 23:46:26,993 - training_logger - INFO - audio_converter.py - ##############################################
2024-08-07 23:46:27,006 - training_logger - INFO - audio_converter.py - Logging keyword segments to /mnt/c/Developer_Workspace/stt_tools/output/transcript_5_logging.json
2024-08-07 23:46:27,009 - training_logger - INFO - audio_converter.py - Processing segment for segment index 5
2024-08-07 23:46:43,637 - training_logger - INFO - audio_converter.py - ##############################################
2024-08-07 23:46:43,637 - training_logger - INFO - audio_converter.py - Segment 6
2024-08-07 23:46:43,638 - training_logger - INFO - audio_converter.py - min_ms: 36.78, max_ms: 113.56
2024-08-07 23:46:43,638 - training_logger - INFO - audio_converter.py - ##############################################
2024-08-07 23:46:43,651 - training_logger - INFO - audio_converter.py - Logging keyword segments to /mnt/c/Developer_Workspace/stt_tools/output/transcript_6_logging.json
2024-08-07 23:46:43,657 - training_logger - INFO - audio_converter.py - Processing segment for segment index 6
2024-08-07 23:46:51,174 - training_logger - INFO - audio_converter.py - ##############################################
2024-08-07 23:46:51,174 - training_logger - INFO - audio_converter.py - Segment 7
2024-08-07 23:46:51,175 - training_logger - INFO - audio_converter.py - min_ms: inf, max_ms: -inf
2024-08-07 23:46:51,175 - training_logger - INFO - audio_converter.py - ##############################################
2024-08-07 23:46:51,185 - training_logger - INFO - audio_converter.py - No keywords found in the segment
2024-08-07 23:46:51,186 - training_logger - INFO - audio_converter.py - Processing segment for segment index 7
2024-08-07 23:47:00,042 - training_logger - INFO - audio_converter.py - ##############################################
2024-08-07 23:47:00,042 - training_logger - INFO - audio_converter.py - Segment 8
2024-08-07 23:47:00,043 - training_logger - INFO - audio_converter.py - min_ms: inf, max_ms: -inf
2024-08-07 23:47:00,044 - training_logger - INFO - audio_converter.py - ##############################################
2024-08-07 23:47:00,055 - training_logger - INFO - audio_converter.py - No keywords found in the segment
2024-08-07 23:47:00,056 - training_logger - INFO - audio_converter.py - Processing segment for segment index 8
2024-08-07 23:47:00,057 - training_logger - INFO - audio_converter.py - End time: 1723092420.0572817
2024-08-07 23:47:00,057 - training_logger - INFO - audio_converter.py - Total processing time: 354.24373388290405 seconds
2024-08-07 23:47:00,057 - training_logger - INFO - audio_converter.py - Finished processing all segments, original duration of processed audio: 5313.973
